<?xml version="1.0" encoding="UTF-8"?>
<!-- Generated by org.testng.reporters.JUnitXMLReporter -->
<testsuite hostname="ANHCHAU_DELL3158" ignored="1" name="Error Validations Test" tests="1" failures="0" timestamp="24 Apr 2023 03:52:12 GMT" time="66.738" errors="0">
  <testcase name="LoginErrorValidation" time="1.635" classname="UdemyRSA.Tests.ErrorValidationsTest"/>
  <testcase name="ProductErrorValidation" time="0.0" classname="UdemyRSA.Tests.ErrorValidationsTest">
    <ignored/>
  </testcase> <!-- ProductErrorValidation -->
</testsuite> <!-- Error Validations Test -->
