<?xml version="1.0" encoding="UTF-8"?>
<!-- Generated by org.testng.reporters.JUnitXMLReporter -->
<testsuite hostname="ANHCHAU_DELL3158" ignored="2" tests="0" failures="0" timestamp="24 Apr 2023 03:51:05 GMT" time="0.007" errors="0">
  <testcase name="submitOrder" time="0.0" classname="UdemyRSA.Tests.SubmitOrderTest">
    <ignored/>
  </testcase> <!-- submitOrder -->
  <testcase name="OrderHistoryTest" time="0.0" classname="UdemyRSA.Tests.SubmitOrderTest">
    <ignored/>
  </testcase> <!-- OrderHistoryTest -->
</testsuite>
