<?xml version="1.0" encoding="UTF-8"?>
<!-- Generated by org.testng.reporters.JUnitReportReporter -->
<testsuite hostname="ANHCHAU_DELL3158" failures="0" tests="1" name="cucumber.TestNGTestRunner" time="109.672" errors="1" timestamp="2023-04-27T11:11:16 ICT" skipped="0">
  <testcase classname="cucumber.TestNGTestRunner" name="runScenario" time="109.672">
    <error message="Expected condition failed: waiting for visibility of element located by By.cssSelector: .mb-3 (tried for 15 second(s) with 500 milliseconds interval)
Build info: version: &#039;4.8.3&#039;, revision: &#039;e5e76298c3&#039;
System info: os.name: &#039;Windows 10&#039;, os.arch: &#039;amd64&#039;, os.version: &#039;10.0&#039;, java.version: &#039;17.0.3&#039;
Driver info: org.openqa.selenium.chrome.ChromeDriver
Capabilities {acceptInsecureCerts: false, browserName: chrome, browserVersion: 112.0.5615.138, chrome: {chromedriverVersion: 112.0.5615.49 (bd2a7bcb881c..., userDataDir: C:\Users\Admin\AppData\Loca...}, goog:chromeOptions: {debuggerAddress: localhost:54815}, networkConnectionEnabled: false, pageLoadStrategy: normal, platformName: WINDOWS, proxy: Proxy(), se:cdp: ws://localhost:54815/devtoo..., se:cdpVersion: 112.0.5615.138, setWindowRect: true, strictFileInteractability: false, timeouts: {implicit: 0, pageLoad: 300000, script: 30000}, unhandledPromptBehavior: dismiss and notify, webauthn:extension:credBlob: true, webauthn:extension:largeBlob: true, webauthn:extension:minPinLength: true, webauthn:extension:prf: true, webauthn:virtualAuthenticators: true}
Session ID: 135ce21ecb8c8b8377ea2c90926cb0ea" type="org.openqa.selenium.TimeoutException">
      <![CDATA[org.openqa.selenium.TimeoutException: Expected condition failed: waiting for visibility of element located by By.cssSelector: .mb-3 (tried for 15 second(s) with 500 milliseconds interval)
Build info: version: '4.8.3', revision: 'e5e76298c3'
System info: os.name: 'Windows 10', os.arch: 'amd64', os.version: '10.0', java.version: '17.0.3'
Driver info: org.openqa.selenium.chrome.ChromeDriver
Capabilities {acceptInsecureCerts: false, browserName: chrome, browserVersion: 112.0.5615.138, chrome: {chromedriverVersion: 112.0.5615.49 (bd2a7bcb881c..., userDataDir: C:\Users\Admin\AppData\Loca...}, goog:chromeOptions: {debuggerAddress: localhost:54815}, networkConnectionEnabled: false, pageLoadStrategy: normal, platformName: WINDOWS, proxy: Proxy(), se:cdp: ws://localhost:54815/devtoo..., se:cdpVersion: 112.0.5615.138, setWindowRect: true, strictFileInteractability: false, timeouts: {implicit: 0, pageLoad: 300000, script: 30000}, unhandledPromptBehavior: dismiss and notify, webauthn:extension:credBlob: true, webauthn:extension:largeBlob: true, webauthn:extension:minPinLength: true, webauthn:extension:prf: true, webauthn:virtualAuthenticators: true}
Session ID: 135ce21ecb8c8b8377ea2c90926cb0ea
at org.openqa.selenium.support.ui.WebDriverWait.timeoutException(WebDriverWait.java:87)
at org.openqa.selenium.support.ui.FluentWait.until(FluentWait.java:231)
at UdemyRSA.AbstractComponents.AbstractComponent.waitForElementToAppear(AbstractComponent.java:47)
at UdemyRSA.PageObjects.ProductCatalogue.getProductList(ProductCatalogue.java:33)
at UdemyRSA.PageObjects.ProductCatalogue.getProductByName(ProductCatalogue.java:38)
at UdemyRSA.PageObjects.ProductCatalogue.addProductToCart(ProductCatalogue.java:44)
at UdemyRSA.stepDefinitions.StepDefinitionImpl.I_add_product_to_cart(StepDefinitionImpl.java:40)
at ✽.I add product ZARA COAT 3 to Cart(file:///D:/Selenium/Udemy_Selenium-Framework-Design/SeleniumFrameworkDesign/src/test/java/cucumber/SubmitOrder.feature:14)
]]>
    </error>
  </testcase> <!-- runScenario -->
  <system-out/>
</testsuite> <!-- cucumber.TestNGTestRunner -->
